<?xml version="1.0" encoding="UTF-8"?>
<!-- Generated by org.testng.reporters.JUnitXMLReporter -->
<testsuite hostname="Admin-PC" name="Car Loan" tests="3" failures="0" timestamp="28 Jul 2020 07:56:00 GMT" time="0.135" errors="0">
  <testcase name="Mobilelogincarloan" time="0.03" classname="practice.day3"/>
  <testcase name="MobilesignoutcarLoan" time="0.033" classname="practice.day3"/>
  <testcase name="weblogincarloan" time="0.0" classname="practice.day3">
    <skipped/>
  </testcase> <!-- weblogincarloan -->
</testsuite> <!-- Car Loan -->
