<?xml version="1.0" encoding="UTF-8"?>
<!-- Generated by org.testng.reporters.JUnitXMLReporter -->
<testsuite hostname="Admin-PC" name="Personal Loan" tests="5" failures="0" timestamp="28 Jul 2020 07:56:00 GMT" time="0.118" errors="0">
  <testcase name="Demo" time="0.025" classname="practice.day1"/>
  <testcase name="ploan" time="0.005" classname="practice.day2"/>
  <testcase name="LoginAPIHomeLoan" time="0.002" classname="practice.day4"/>
  <testcase name="MobileloginHomeloan" time="0.003" classname="practice.day4"/>
  <testcase name="webloginHomeloan" time="0.002" classname="practice.day4"/>
</testsuite> <!-- Personal Loan -->
