<?xml version="1.0" encoding="UTF-8"?>
<!-- Generated by org.testng.reporters.JUnitXMLReporter -->
<testsuite hostname="Admin-PC" name="Regression" tests="7" failures="0" timestamp="28 Jul 2020 07:25:04 GMT" time="0.928" errors="0">
  <testcase name="Demo" time="0.037" classname="practice.day1"/>
  <testcase name="SecondTest" time="0.004" classname="practice.day1"/>
  <testcase name="MobilesignoutcarLoan" time="0.48" classname="practice.day3"/>
  <testcase name="weblogincarloan" time="0.003" classname="practice.day3"/>
  <testcase name="APIcarloan" time="0.034" classname="practice.day3"/>
  <testcase name="LoginAPIHomeLoan" time="0.023" classname="practice.day4"/>
  <testcase name="webloginHomeloan" time="0.003" classname="practice.day4"/>
</testsuite> <!-- Regression -->
